[1.788s] Invoking command in '/home/student/ros2_ws/build/turtlebot3_teleop': PYTHONPATH=/home/student/ros2_ws/build/turtlebot3_teleop/prefix_override:/usr/lib/python3/dist-packages/colcon_core/task/python/colcon_distutils_commands:/home/student/ros2_ws/install/turtlebot3_teleop/lib/python3.10/site-packages:${PYTHONPATH} /usr/bin/python3 -W ignore:setup.py install is deprecated setup.py develop --editable --build-directory /home/student/ros2_ws/build/turtlebot3_teleop/build --no-deps symlink_data
[2.492s] running develop
[2.499s] /usr/lib/python3/dist-packages/setuptools/command/easy_install.py:158: EasyInstallDeprecationWarning: easy_install command is deprecated. Use build and pip and other standards-based tools.
[2.499s]   warnings.warn(
[3.243s] running egg_info
[3.254s] creating turtlebot3_teleop.egg-info
[3.254s] writing turtlebot3_teleop.egg-info/PKG-INFO
[3.255s] writing dependency_links to turtlebot3_teleop.egg-info/dependency_links.txt
[3.255s] writing entry points to turtlebot3_teleop.egg-info/entry_points.txt
[3.255s] writing requirements to turtlebot3_teleop.egg-info/requires.txt
[3.256s] writing top-level names to turtlebot3_teleop.egg-info/top_level.txt
[3.256s] writing manifest file 'turtlebot3_teleop.egg-info/SOURCES.txt'
[3.260s] reading manifest file 'turtlebot3_teleop.egg-info/SOURCES.txt'
[3.262s] writing manifest file 'turtlebot3_teleop.egg-info/SOURCES.txt'
[3.266s] running build_ext
[3.266s] Creating /home/student/ros2_ws/install/turtlebot3_teleop/lib/python3.10/site-packages/turtlebot3-teleop.egg-link (link to .)
[3.269s] Installing teleop_keyboard script to /home/student/ros2_ws/install/turtlebot3_teleop/lib/turtlebot3_teleop
[3.269s] 
[3.271s] Installed /home/student/ros2_ws/build/turtlebot3_teleop
[3.272s] running symlink_data
[3.272s] creating /home/student/ros2_ws/install/turtlebot3_teleop/share/ament_index
[3.272s] creating /home/student/ros2_ws/install/turtlebot3_teleop/share/ament_index/resource_index
[3.272s] creating /home/student/ros2_ws/install/turtlebot3_teleop/share/ament_index/resource_index/packages
[3.273s] symbolically linking /home/student/ros2_ws/build/turtlebot3_teleop/resource/turtlebot3_teleop -> /home/student/ros2_ws/install/turtlebot3_teleop/share/ament_index/resource_index/packages
[3.273s] symbolically linking /home/student/ros2_ws/build/turtlebot3_teleop/package.xml -> /home/student/ros2_ws/install/turtlebot3_teleop/share/turtlebot3_teleop
[3.394s] Invoked command in '/home/student/ros2_ws/build/turtlebot3_teleop' returned '0': PYTHONPATH=/home/student/ros2_ws/build/turtlebot3_teleop/prefix_override:/usr/lib/python3/dist-packages/colcon_core/task/python/colcon_distutils_commands:/home/student/ros2_ws/install/turtlebot3_teleop/lib/python3.10/site-packages:${PYTHONPATH} /usr/bin/python3 -W ignore:setup.py install is deprecated setup.py develop --editable --build-directory /home/student/ros2_ws/build/turtlebot3_teleop/build --no-deps symlink_data
