[0.044s] Invoking command in '/home/student/ros2_ws/build/turtlebot3_description': CMAKE_PREFIX_PATH=${CMAKE_PREFIX_PATH}:/home/student/ros2_ws/install/turtlebot3_teleop:/home/student/ros2_ws/install/turtlebot3_example:/opt/ros/humble /usr/bin/cmake /home/student/ros2_ws/src/turtlebot3/turtlebot3_description -DAMENT_CMAKE_SYMLINK_INSTALL=1 -DCMAKE_INSTALL_PREFIX=/home/student/ros2_ws/install/turtlebot3_description
[0.773s] -- The C compiler identification is GNU 11.4.0
[1.205s] -- The CXX compiler identification is GNU 11.4.0
[1.241s] -- Detecting C compiler ABI info
[1.416s] -- Detecting C compiler ABI info - done
[1.436s] -- Check for working C compiler: /usr/bin/cc - skipped
[1.436s] -- Detecting C compile features
[1.437s] -- Detecting C compile features - done
[1.441s] -- Detecting CXX compiler ABI info
[1.594s] -- Detecting CXX compiler ABI info - done
[1.608s] -- Check for working CXX compiler: /usr/bin/c++ - skipped
[1.608s] -- Detecting CXX compile features
[1.609s] -- Detecting CXX compile features - done
[1.654s] -- Found ament_cmake: 1.3.9 (/opt/ros/humble/share/ament_cmake/cmake)
[1.917s] -- Found Python3: /usr/bin/python3 (found version "3.10.12") found components: Interpreter 
[2.041s] -- Override CMake install command with custom implementation using symlinks instead of copying resources
[2.198s] -- Found urdf: 2.6.0 (/opt/ros/humble/share/urdf/cmake)
[2.471s] -- Configuring done
[2.476s] -- Generating done
[2.476s] -- Build files have been written to: /home/student/ros2_ws/build/turtlebot3_description
[2.490s] Invoked command in '/home/student/ros2_ws/build/turtlebot3_description' returned '0': CMAKE_PREFIX_PATH=${CMAKE_PREFIX_PATH}:/home/student/ros2_ws/install/turtlebot3_teleop:/home/student/ros2_ws/install/turtlebot3_example:/opt/ros/humble /usr/bin/cmake /home/student/ros2_ws/src/turtlebot3/turtlebot3_description -DAMENT_CMAKE_SYMLINK_INSTALL=1 -DCMAKE_INSTALL_PREFIX=/home/student/ros2_ws/install/turtlebot3_description
[2.491s] Invoking command in '/home/student/ros2_ws/build/turtlebot3_description': CMAKE_PREFIX_PATH=${CMAKE_PREFIX_PATH}:/home/student/ros2_ws/install/turtlebot3_teleop:/home/student/ros2_ws/install/turtlebot3_example:/opt/ros/humble /usr/bin/cmake --build /home/student/ros2_ws/build/turtlebot3_description -- -j8 -l8
[2.887s] Invoked command in '/home/student/ros2_ws/build/turtlebot3_description' returned '0': CMAKE_PREFIX_PATH=${CMAKE_PREFIX_PATH}:/home/student/ros2_ws/install/turtlebot3_teleop:/home/student/ros2_ws/install/turtlebot3_example:/opt/ros/humble /usr/bin/cmake --build /home/student/ros2_ws/build/turtlebot3_description -- -j8 -l8
[3.029s] Invoking command in '/home/student/ros2_ws/build/turtlebot3_description': CMAKE_PREFIX_PATH=${CMAKE_PREFIX_PATH}:/home/student/ros2_ws/install/turtlebot3_teleop:/home/student/ros2_ws/install/turtlebot3_example:/opt/ros/humble /usr/bin/cmake --install /home/student/ros2_ws/build/turtlebot3_description
[3.568s] -- Install configuration: ""
[3.568s] -- Execute custom install script
[3.569s] -- Symlinking: /home/student/ros2_ws/install/turtlebot3_description/share/turtlebot3_description/meshes/bases/burger_base.stl
[3.570s] -- Symlinking: /home/student/ros2_ws/install/turtlebot3_description/share/turtlebot3_description/meshes/bases/waffle_base.stl
[3.570s] -- Symlinking: /home/student/ros2_ws/install/turtlebot3_description/share/turtlebot3_description/meshes/bases/waffle_pi_base.stl
[3.571s] -- Symlinking: /home/student/ros2_ws/install/turtlebot3_description/share/turtlebot3_description/meshes/sensors/astra.dae
[3.571s] -- Symlinking: /home/student/ros2_ws/install/turtlebot3_description/share/turtlebot3_description/meshes/sensors/astra.jpg
[3.571s] -- Symlinking: /home/student/ros2_ws/install/turtlebot3_description/share/turtlebot3_description/meshes/sensors/lds.stl
[3.571s] -- Symlinking: /home/student/ros2_ws/install/turtlebot3_description/share/turtlebot3_description/meshes/sensors/r200.dae
[3.571s] -- Symlinking: /home/student/ros2_ws/install/turtlebot3_description/share/turtlebot3_description/meshes/sensors/r200.jpg
[3.572s] -- Symlinking: /home/student/ros2_ws/install/turtlebot3_description/share/turtlebot3_description/meshes/wheels/left_tire.stl
[3.572s] -- Symlinking: /home/student/ros2_ws/install/turtlebot3_description/share/turtlebot3_description/meshes/wheels/right_tire.stl
[3.572s] -- Symlinking: /home/student/ros2_ws/install/turtlebot3_description/share/turtlebot3_description/rviz/model.rviz
[3.573s] -- Symlinking: /home/student/ros2_ws/install/turtlebot3_description/share/turtlebot3_description/urdf/common_properties.urdf
[3.573s] -- Symlinking: /home/student/ros2_ws/install/turtlebot3_description/share/turtlebot3_description/urdf/turtlebot3_burger.urdf
[3.573s] -- Symlinking: /home/student/ros2_ws/install/turtlebot3_description/share/turtlebot3_description/urdf/turtlebot3_waffle.urdf
[3.573s] -- Symlinking: /home/student/ros2_ws/install/turtlebot3_description/share/turtlebot3_description/urdf/turtlebot3_waffle_pi.urdf
[3.574s] -- Symlinking: /home/student/ros2_ws/install/turtlebot3_description/share/ament_index/resource_index/package_run_dependencies/turtlebot3_description
[3.574s] -- Symlinking: /home/student/ros2_ws/install/turtlebot3_description/share/ament_index/resource_index/parent_prefix_path/turtlebot3_description
[3.575s] -- Symlinking: /home/student/ros2_ws/install/turtlebot3_description/share/turtlebot3_description/environment/ament_prefix_path.sh
[3.577s] -- Symlinking: /home/student/ros2_ws/install/turtlebot3_description/share/turtlebot3_description/environment/ament_prefix_path.dsv
[3.577s] -- Symlinking: /home/student/ros2_ws/install/turtlebot3_description/share/turtlebot3_description/environment/path.sh
[3.578s] -- Symlinking: /home/student/ros2_ws/install/turtlebot3_description/share/turtlebot3_description/environment/path.dsv
[3.578s] -- Symlinking: /home/student/ros2_ws/install/turtlebot3_description/share/turtlebot3_description/local_setup.bash
[3.578s] -- Symlinking: /home/student/ros2_ws/install/turtlebot3_description/share/turtlebot3_description/local_setup.sh
[3.579s] -- Symlinking: /home/student/ros2_ws/install/turtlebot3_description/share/turtlebot3_description/local_setup.zsh
[3.579s] -- Symlinking: /home/student/ros2_ws/install/turtlebot3_description/share/turtlebot3_description/local_setup.dsv
[3.579s] -- Symlinking: /home/student/ros2_ws/install/turtlebot3_description/share/turtlebot3_description/package.dsv
[3.579s] -- Symlinking: /home/student/ros2_ws/install/turtlebot3_description/share/ament_index/resource_index/packages/turtlebot3_description
[3.580s] -- Symlinking: /home/student/ros2_ws/install/turtlebot3_description/share/turtlebot3_description/cmake/turtlebot3_descriptionConfig.cmake
[3.589s] -- Symlinking: /home/student/ros2_ws/install/turtlebot3_description/share/turtlebot3_description/cmake/turtlebot3_descriptionConfig-version.cmake
[3.604s] -- Symlinking: /home/student/ros2_ws/install/turtlebot3_description/share/turtlebot3_description/package.xml
[3.646s] Invoked command in '/home/student/ros2_ws/build/turtlebot3_description' returned '0': CMAKE_PREFIX_PATH=${CMAKE_PREFIX_PATH}:/home/student/ros2_ws/install/turtlebot3_teleop:/home/student/ros2_ws/install/turtlebot3_example:/opt/ros/humble /usr/bin/cmake --install /home/student/ros2_ws/build/turtlebot3_description
